2025-07-22 19:14:20,679 - WARNING - Session Sprint Qualifying not available for Emilia Romagna Grand Prix 2025: Session type 'Sprint Qualifying' does not exist for this event
2025-07-22 19:14:20,679 - WARNING - Session Sprint not available for Emilia Romagna Grand Prix 2025: Session type 'Sprint' does not exist for this event
2025-07-22 19:14:20,679 - WARNING - Session Sprint Qualifying not available for Monaco Grand Prix 2025: Session type 'Sprint Qualifying' does not exist for this event
2025-07-22 19:14:20,679 - WARNING - Session Sprint not available for Monaco Grand Prix 2025: Session type 'Sprint' does not exist for this event
2025-07-22 19:14:20,679 - WARNING - Session Sprint Qualifying not available for Spanish Grand Prix 2025: Session type 'Sprint Qualifying' does not exist for this event
2025-07-22 19:14:20,679 - WARNING - Session Sprint not available for Spanish Grand Prix 2025: Session type 'Sprint' does not exist for this event
2025-07-22 19:14:20,679 - WARNING - Session Sprint Qualifying not available for Canadian Grand Prix 2025: Session type 'Sprint Qualifying' does not exist for this event
2025-07-22 19:14:20,679 - WARNING - Session Sprint not available for Canadian Grand Prix 2025: Session type 'Sprint' does not exist for this event
2025-07-22 19:14:20,679 - WARNING - Session Sprint Qualifying not available for Austrian Grand Prix 2025: Session type 'Sprint Qualifying' does not exist for this event
2025-07-22 19:14:20,679 - WARNING - Session Sprint not available for Austrian Grand Prix 2025: Session type 'Sprint' does not exist for this event
2025-07-22 19:14:20,680 - WARNING - Session Sprint Qualifying not available for British Grand Prix 2025: Session type 'Sprint Qualifying' does not exist for this event
2025-07-22 19:14:20,680 - WARNING - Session Sprint not available for British Grand Prix 2025: Session type 'Sprint' does not exist for this event
2025-07-22 19:14:20,680 - INFO - Skipping event: Belgian Grand Prix 2025 (Reason: Future event)
2025-07-22 19:14:20,680 - INFO - Skipping event: Hungarian Grand Prix 2025 (Reason: Future event)
2025-07-22 19:14:20,680 - INFO - Skipping event: Dutch Grand Prix 2025 (Reason: Future event)
2025-07-22 19:14:20,680 - INFO - Skipping event: Italian Grand Prix 2025 (Reason: Future event)
2025-07-22 19:14:20,680 - INFO - Skipping event: Azerbaijan Grand Prix 2025 (Reason: Future event)
2025-07-22 19:14:20,680 - INFO - Skipping event: Singapore Grand Prix 2025 (Reason: Future event)
2025-07-22 19:14:20,680 - INFO - Skipping event: United States Grand Prix 2025 (Reason: Future event)
2025-07-22 19:14:20,680 - INFO - Skipping event: Mexico City Grand Prix 2025 (Reason: Future event)
2025-07-22 19:14:20,680 - INFO - Skipping event: São Paulo Grand Prix 2025 (Reason: Future event)
2025-07-22 19:14:20,680 - INFO - Skipping event: Las Vegas Grand Prix 2025 (Reason: Future event)
2025-07-22 19:14:20,680 - INFO - Skipping event: Qatar Grand Prix 2025 (Reason: Future event)
2025-07-22 19:14:20,680 - INFO - Skipping event: Abu Dhabi Grand Prix 2025 (Reason: Future event)
2025-07-22 19:17:49,821 - INFO - Skipping event: Belgian Grand Prix 2025 (Reason: Future event)
2025-07-22 19:17:49,821 - INFO - Skipping event: Hungarian Grand Prix 2025 (Reason: Future event)
2025-07-22 19:17:49,821 - INFO - Skipping event: Dutch Grand Prix 2025 (Reason: Future event)
2025-07-22 19:17:49,821 - INFO - Skipping event: Italian Grand Prix 2025 (Reason: Future event)
2025-07-22 19:17:49,821 - INFO - Skipping event: Azerbaijan Grand Prix 2025 (Reason: Future event)
2025-07-22 19:17:49,821 - INFO - Skipping event: Singapore Grand Prix 2025 (Reason: Future event)
2025-07-22 19:17:49,821 - INFO - Skipping event: United States Grand Prix 2025 (Reason: Future event)
2025-07-22 19:17:49,821 - INFO - Skipping event: Mexico City Grand Prix 2025 (Reason: Future event)
2025-07-22 19:17:49,822 - INFO - Skipping event: São Paulo Grand Prix 2025 (Reason: Future event)
2025-07-22 19:17:49,822 - INFO - Skipping event: Las Vegas Grand Prix 2025 (Reason: Future event)
2025-07-22 19:17:49,822 - INFO - Skipping event: Qatar Grand Prix 2025 (Reason: Future event)
2025-07-22 19:17:49,822 - INFO - Skipping event: Abu Dhabi Grand Prix 2025 (Reason: Future event)
2025-07-22 19:22:14,134 - INFO - Skipping event: Belgian Grand Prix 2025 (Reason: Future event)
2025-07-22 19:22:14,134 - INFO - Skipping event: Hungarian Grand Prix 2025 (Reason: Future event)
2025-07-22 19:22:14,134 - INFO - Skipping event: Dutch Grand Prix 2025 (Reason: Future event)
2025-07-22 19:22:14,134 - INFO - Skipping event: Italian Grand Prix 2025 (Reason: Future event)
2025-07-22 19:22:14,134 - INFO - Skipping event: Azerbaijan Grand Prix 2025 (Reason: Future event)
2025-07-22 19:22:14,134 - INFO - Skipping event: Singapore Grand Prix 2025 (Reason: Future event)
2025-07-22 19:22:14,135 - INFO - Skipping event: United States Grand Prix 2025 (Reason: Future event)
2025-07-22 19:22:14,135 - INFO - Skipping event: Mexico City Grand Prix 2025 (Reason: Future event)
2025-07-22 19:22:14,135 - INFO - Skipping event: São Paulo Grand Prix 2025 (Reason: Future event)
2025-07-22 19:22:14,135 - INFO - Skipping event: Las Vegas Grand Prix 2025 (Reason: Future event)
2025-07-22 19:22:14,135 - INFO - Skipping event: Qatar Grand Prix 2025 (Reason: Future event)
2025-07-22 19:22:14,135 - INFO - Skipping event: Abu Dhabi Grand Prix 2025 (Reason: Future event)
2025-07-22 19:23:45,275 - INFO - Skipping event: Belgian Grand Prix 2025 (Reason: Future event)
2025-07-22 19:23:45,319 - INFO - Skipping event: Hungarian Grand Prix 2025 (Reason: Future event)
2025-07-22 19:23:45,319 - INFO - Skipping event: Dutch Grand Prix 2025 (Reason: Future event)
2025-07-22 19:23:45,319 - INFO - Skipping event: Italian Grand Prix 2025 (Reason: Future event)
2025-07-22 19:23:45,319 - INFO - Skipping event: Azerbaijan Grand Prix 2025 (Reason: Future event)
2025-07-22 19:23:45,319 - INFO - Skipping event: Singapore Grand Prix 2025 (Reason: Future event)
2025-07-22 19:23:45,319 - INFO - Skipping event: United States Grand Prix 2025 (Reason: Future event)
2025-07-22 19:23:45,319 - INFO - Skipping event: Mexico City Grand Prix 2025 (Reason: Future event)
2025-07-22 19:23:45,319 - INFO - Skipping event: São Paulo Grand Prix 2025 (Reason: Future event)
2025-07-22 19:23:45,319 - INFO - Skipping event: Las Vegas Grand Prix 2025 (Reason: Future event)
2025-07-22 19:23:45,319 - INFO - Skipping event: Qatar Grand Prix 2025 (Reason: Future event)
2025-07-22 19:23:45,319 - INFO - Skipping event: Abu Dhabi Grand Prix 2025 (Reason: Future event)
2025-07-22 19:28:19,355 - INFO - Skipping event: Belgian Grand Prix 2025 (Reason: Future event)
2025-07-22 19:28:19,355 - INFO - Skipping event: Hungarian Grand Prix 2025 (Reason: Future event)
2025-07-22 19:28:19,355 - INFO - Skipping event: Dutch Grand Prix 2025 (Reason: Future event)
2025-07-22 19:28:19,355 - INFO - Skipping event: Italian Grand Prix 2025 (Reason: Future event)
2025-07-22 19:28:19,355 - INFO - Skipping event: Azerbaijan Grand Prix 2025 (Reason: Future event)
2025-07-22 19:28:19,355 - INFO - Skipping event: Singapore Grand Prix 2025 (Reason: Future event)
2025-07-22 19:28:19,355 - INFO - Skipping event: United States Grand Prix 2025 (Reason: Future event)
2025-07-22 19:28:19,355 - INFO - Skipping event: Mexico City Grand Prix 2025 (Reason: Future event)
2025-07-22 19:28:19,355 - INFO - Skipping event: São Paulo Grand Prix 2025 (Reason: Future event)
2025-07-22 19:28:19,355 - INFO - Skipping event: Las Vegas Grand Prix 2025 (Reason: Future event)
2025-07-22 19:28:19,355 - INFO - Skipping event: Qatar Grand Prix 2025 (Reason: Future event)
2025-07-22 19:28:19,355 - INFO - Skipping event: Abu Dhabi Grand Prix 2025 (Reason: Future event)
2025-07-22 19:29:26,416 - INFO - Skipping event: Belgian Grand Prix 2025 (Reason: Future event)
2025-07-22 19:29:26,416 - INFO - Skipping event: Hungarian Grand Prix 2025 (Reason: Future event)
2025-07-22 19:29:26,416 - INFO - Skipping event: Dutch Grand Prix 2025 (Reason: Future event)
2025-07-22 19:29:26,416 - INFO - Skipping event: Italian Grand Prix 2025 (Reason: Future event)
2025-07-22 19:29:26,416 - INFO - Skipping event: Azerbaijan Grand Prix 2025 (Reason: Future event)
2025-07-22 19:29:26,416 - INFO - Skipping event: Singapore Grand Prix 2025 (Reason: Future event)
2025-07-22 19:29:26,416 - INFO - Skipping event: United States Grand Prix 2025 (Reason: Future event)
2025-07-22 19:29:26,416 - INFO - Skipping event: Mexico City Grand Prix 2025 (Reason: Future event)
2025-07-22 19:29:26,417 - INFO - Skipping event: São Paulo Grand Prix 2025 (Reason: Future event)
2025-07-22 19:29:26,417 - INFO - Skipping event: Las Vegas Grand Prix 2025 (Reason: Future event)
2025-07-22 19:29:26,417 - INFO - Skipping event: Qatar Grand Prix 2025 (Reason: Future event)
2025-07-22 19:29:26,417 - INFO - Skipping event: Abu Dhabi Grand Prix 2025 (Reason: Future event)
2025-07-22 22:39:13,645 - INFO - Skipping event: Belgian Grand Prix 2025 (Reason: Future event)
2025-07-22 22:39:13,646 - INFO - Skipping event: Hungarian Grand Prix 2025 (Reason: Future event)
2025-07-22 22:39:13,646 - INFO - Skipping event: Dutch Grand Prix 2025 (Reason: Future event)
2025-07-22 22:39:13,646 - INFO - Skipping event: Italian Grand Prix 2025 (Reason: Future event)
2025-07-22 22:39:13,646 - INFO - Skipping event: Azerbaijan Grand Prix 2025 (Reason: Future event)
2025-07-22 22:39:13,646 - INFO - Skipping event: Singapore Grand Prix 2025 (Reason: Future event)
2025-07-22 22:39:13,646 - INFO - Skipping event: United States Grand Prix 2025 (Reason: Future event)
2025-07-22 22:39:13,646 - INFO - Skipping event: Mexico City Grand Prix 2025 (Reason: Future event)
2025-07-22 22:39:13,646 - INFO - Skipping event: São Paulo Grand Prix 2025 (Reason: Future event)
2025-07-22 22:39:13,646 - INFO - Skipping event: Las Vegas Grand Prix 2025 (Reason: Future event)
2025-07-22 22:39:13,646 - INFO - Skipping event: Qatar Grand Prix 2025 (Reason: Future event)
2025-07-22 22:39:13,646 - INFO - Skipping event: Abu Dhabi Grand Prix 2025 (Reason: Future event)
2025-07-22 22:39:52,608 - INFO - Skipping event: Belgian Grand Prix 2025 (Reason: Future event)
2025-07-22 22:39:52,609 - INFO - Skipping event: Hungarian Grand Prix 2025 (Reason: Future event)
2025-07-22 22:39:52,609 - INFO - Skipping event: Dutch Grand Prix 2025 (Reason: Future event)
2025-07-22 22:39:52,609 - INFO - Skipping event: Italian Grand Prix 2025 (Reason: Future event)
2025-07-22 22:39:52,609 - INFO - Skipping event: Azerbaijan Grand Prix 2025 (Reason: Future event)
2025-07-22 22:39:52,609 - INFO - Skipping event: Singapore Grand Prix 2025 (Reason: Future event)
2025-07-22 22:39:52,609 - INFO - Skipping event: United States Grand Prix 2025 (Reason: Future event)
2025-07-22 22:39:52,609 - INFO - Skipping event: Mexico City Grand Prix 2025 (Reason: Future event)
2025-07-22 22:39:52,609 - INFO - Skipping event: São Paulo Grand Prix 2025 (Reason: Future event)
2025-07-22 22:39:52,609 - INFO - Skipping event: Las Vegas Grand Prix 2025 (Reason: Future event)
2025-07-22 22:39:52,609 - INFO - Skipping event: Qatar Grand Prix 2025 (Reason: Future event)
2025-07-22 22:39:52,609 - INFO - Skipping event: Abu Dhabi Grand Prix 2025 (Reason: Future event)
2025-07-22 22:41:20,314 - INFO - Skipping event: Belgian Grand Prix 2025 (Reason: Future event)
2025-07-22 22:41:20,314 - INFO - Skipping event: Hungarian Grand Prix 2025 (Reason: Future event)
2025-07-22 22:41:20,315 - INFO - Skipping event: Dutch Grand Prix 2025 (Reason: Future event)
2025-07-22 22:41:20,315 - INFO - Skipping event: Italian Grand Prix 2025 (Reason: Future event)
2025-07-22 22:41:20,315 - INFO - Skipping event: Azerbaijan Grand Prix 2025 (Reason: Future event)
2025-07-22 22:41:20,315 - INFO - Skipping event: Singapore Grand Prix 2025 (Reason: Future event)
2025-07-22 22:41:20,315 - INFO - Skipping event: United States Grand Prix 2025 (Reason: Future event)
2025-07-22 22:41:20,315 - INFO - Skipping event: Mexico City Grand Prix 2025 (Reason: Future event)
2025-07-22 22:41:20,315 - INFO - Skipping event: São Paulo Grand Prix 2025 (Reason: Future event)
2025-07-22 22:41:20,315 - INFO - Skipping event: Las Vegas Grand Prix 2025 (Reason: Future event)
2025-07-22 22:41:20,315 - INFO - Skipping event: Qatar Grand Prix 2025 (Reason: Future event)
2025-07-22 22:41:20,315 - INFO - Skipping event: Abu Dhabi Grand Prix 2025 (Reason: Future event)
2025-07-22 22:50:41,504 - INFO - Skipping event: Belgian Grand Prix 2025 (Reason: Future event)
2025-07-22 22:50:41,504 - INFO - Skipping event: Hungarian Grand Prix 2025 (Reason: Future event)
2025-07-22 22:50:41,505 - INFO - Skipping event: Dutch Grand Prix 2025 (Reason: Future event)
2025-07-22 22:50:41,505 - INFO - Skipping event: Italian Grand Prix 2025 (Reason: Future event)
2025-07-22 22:50:41,505 - INFO - Skipping event: Azerbaijan Grand Prix 2025 (Reason: Future event)
2025-07-22 22:50:41,505 - INFO - Skipping event: Singapore Grand Prix 2025 (Reason: Future event)
2025-07-22 22:50:41,505 - INFO - Skipping event: United States Grand Prix 2025 (Reason: Future event)
2025-07-22 22:50:41,505 - INFO - Skipping event: Mexico City Grand Prix 2025 (Reason: Future event)
2025-07-22 22:50:41,505 - INFO - Skipping event: São Paulo Grand Prix 2025 (Reason: Future event)
2025-07-22 22:50:41,505 - INFO - Skipping event: Las Vegas Grand Prix 2025 (Reason: Future event)
2025-07-22 22:50:41,505 - INFO - Skipping event: Qatar Grand Prix 2025 (Reason: Future event)
2025-07-22 22:50:41,505 - INFO - Skipping event: Abu Dhabi Grand Prix 2025 (Reason: Future event)
2025-07-22 22:59:29,799 - INFO - Skipping event: Belgian Grand Prix 2025 (Reason: Future event)
2025-07-22 22:59:29,799 - INFO - Skipping event: Hungarian Grand Prix 2025 (Reason: Future event)
2025-07-22 22:59:29,799 - INFO - Skipping event: Dutch Grand Prix 2025 (Reason: Future event)
2025-07-22 22:59:29,799 - INFO - Skipping event: Italian Grand Prix 2025 (Reason: Future event)
2025-07-22 22:59:29,799 - INFO - Skipping event: Azerbaijan Grand Prix 2025 (Reason: Future event)
2025-07-22 22:59:29,799 - INFO - Skipping event: Singapore Grand Prix 2025 (Reason: Future event)
2025-07-22 22:59:29,799 - INFO - Skipping event: United States Grand Prix 2025 (Reason: Future event)
2025-07-22 22:59:29,799 - INFO - Skipping event: Mexico City Grand Prix 2025 (Reason: Future event)
2025-07-22 22:59:29,799 - INFO - Skipping event: São Paulo Grand Prix 2025 (Reason: Future event)
2025-07-22 22:59:29,800 - INFO - Skipping event: Las Vegas Grand Prix 2025 (Reason: Future event)
2025-07-22 22:59:29,800 - INFO - Skipping event: Qatar Grand Prix 2025 (Reason: Future event)
2025-07-22 22:59:29,800 - INFO - Skipping event: Abu Dhabi Grand Prix 2025 (Reason: Future event)
2025-07-22 23:01:42,356 - INFO - Skipping event: Belgian Grand Prix 2025 (Reason: Future event)
2025-07-22 23:01:42,357 - INFO - Skipping event: Hungarian Grand Prix 2025 (Reason: Future event)
2025-07-22 23:01:42,357 - INFO - Skipping event: Dutch Grand Prix 2025 (Reason: Future event)
2025-07-22 23:01:42,357 - INFO - Skipping event: Italian Grand Prix 2025 (Reason: Future event)
2025-07-22 23:01:42,357 - INFO - Skipping event: Azerbaijan Grand Prix 2025 (Reason: Future event)
2025-07-22 23:01:42,357 - INFO - Skipping event: Singapore Grand Prix 2025 (Reason: Future event)
2025-07-22 23:01:42,357 - INFO - Skipping event: United States Grand Prix 2025 (Reason: Future event)
2025-07-22 23:01:42,357 - INFO - Skipping event: Mexico City Grand Prix 2025 (Reason: Future event)
2025-07-22 23:01:42,357 - INFO - Skipping event: São Paulo Grand Prix 2025 (Reason: Future event)
2025-07-22 23:01:42,357 - INFO - Skipping event: Las Vegas Grand Prix 2025 (Reason: Future event)
2025-07-22 23:01:42,357 - INFO - Skipping event: Qatar Grand Prix 2025 (Reason: Future event)
2025-07-22 23:01:42,358 - INFO - Skipping event: Abu Dhabi Grand Prix 2025 (Reason: Future event)
2025-07-22 23:07:07,897 - INFO - Skipping event: Belgian Grand Prix 2025 (Reason: Future event)
2025-07-22 23:07:07,897 - INFO - Skipping event: Hungarian Grand Prix 2025 (Reason: Future event)
2025-07-22 23:07:07,898 - INFO - Skipping event: Dutch Grand Prix 2025 (Reason: Future event)
2025-07-22 23:07:07,898 - INFO - Skipping event: Italian Grand Prix 2025 (Reason: Future event)
2025-07-22 23:07:07,898 - INFO - Skipping event: Azerbaijan Grand Prix 2025 (Reason: Future event)
2025-07-22 23:07:07,898 - INFO - Skipping event: Singapore Grand Prix 2025 (Reason: Future event)
2025-07-22 23:07:07,898 - INFO - Skipping event: United States Grand Prix 2025 (Reason: Future event)
2025-07-22 23:07:07,898 - INFO - Skipping event: Mexico City Grand Prix 2025 (Reason: Future event)
2025-07-22 23:07:07,898 - INFO - Skipping event: São Paulo Grand Prix 2025 (Reason: Future event)
2025-07-22 23:07:07,898 - INFO - Skipping event: Las Vegas Grand Prix 2025 (Reason: Future event)
2025-07-22 23:07:07,898 - INFO - Skipping event: Qatar Grand Prix 2025 (Reason: Future event)
2025-07-22 23:07:07,898 - INFO - Skipping event: Abu Dhabi Grand Prix 2025 (Reason: Future event)
2025-07-23 18:13:19,870 - INFO - Skipping event: Belgian Grand Prix 2025 (Reason: Future event)
2025-07-23 18:13:19,870 - INFO - Skipping event: Hungarian Grand Prix 2025 (Reason: Future event)
2025-07-23 18:13:19,871 - INFO - Skipping event: Dutch Grand Prix 2025 (Reason: Future event)
2025-07-23 18:13:19,871 - INFO - Skipping event: Italian Grand Prix 2025 (Reason: Future event)
2025-07-23 18:13:19,871 - INFO - Skipping event: Azerbaijan Grand Prix 2025 (Reason: Future event)
2025-07-23 18:13:19,871 - INFO - Skipping event: Singapore Grand Prix 2025 (Reason: Future event)
2025-07-23 18:13:19,871 - INFO - Skipping event: United States Grand Prix 2025 (Reason: Future event)
2025-07-23 18:13:19,871 - INFO - Skipping event: Mexico City Grand Prix 2025 (Reason: Future event)
2025-07-23 18:13:19,871 - INFO - Skipping event: São Paulo Grand Prix 2025 (Reason: Future event)
2025-07-23 18:13:19,871 - INFO - Skipping event: Las Vegas Grand Prix 2025 (Reason: Future event)
2025-07-23 18:13:19,871 - INFO - Skipping event: Qatar Grand Prix 2025 (Reason: Future event)
2025-07-23 18:13:19,871 - INFO - Skipping event: Abu Dhabi Grand Prix 2025 (Reason: Future event)
Traceback (most recent call last):
  File "/Users/prasanthbalaji/Desktop/F1_Project/backend/update_f1_stats.py", line 15, in <module>
    fastf1.Cache.enable_cache('/Users/prasanthbalaji/desktop/Java Projects/F1/pythonProject/cache')
  File "/Users/prasanthbalaji/Desktop/Java Projects/F1_v4/venv/lib/python3.9/site-packages/fastf1/req.py", line 262, in enable_cache
    raise NotADirectoryError("Cache directory does not exist! Please "
NotADirectoryError: Cache directory does not exist! Please check for typos or create it first.
Traceback (most recent call last):
  File "/Users/prasanthbalaji/Desktop/F1_Project/backend/update_f1_stats.py", line 15, in <module>
    fastf1.Cache.enable_cache('/Users/prasanthbalaji/desktop/Java Projects/F1/pythonProject/cache')
  File "/Users/prasanthbalaji/Desktop/Java Projects/F1_v4/venv/lib/python3.9/site-packages/fastf1/req.py", line 262, in enable_cache
    raise NotADirectoryError("Cache directory does not exist! Please "
NotADirectoryError: Cache directory does not exist! Please check for typos or create it first.
Traceback (most recent call last):
  File "/Users/prasanthbalaji/Desktop/F1_Project/backend/update_f1_stats.py", line 15, in <module>
    fastf1.Cache.enable_cache('/Users/prasanthbalaji/desktop/Java Projects/F1/pythonProject/cache')
  File "/Users/prasanthbalaji/Desktop/Java Projects/F1_v4/venv/lib/python3.9/site-packages/fastf1/req.py", line 262, in enable_cache
    raise NotADirectoryError("Cache directory does not exist! Please "
NotADirectoryError: Cache directory does not exist! Please check for typos or create it first.
Traceback (most recent call last):
  File "/Users/prasanthbalaji/Desktop/F1_Project/backend/update_f1_stats.py", line 15, in <module>
    fastf1.Cache.enable_cache('/Users/prasanthbalaji/desktop/Java Projects/F1/pythonProject/cache')
  File "/Users/prasanthbalaji/Desktop/Java Projects/F1_v4/venv/lib/python3.9/site-packages/fastf1/req.py", line 262, in enable_cache
    raise NotADirectoryError("Cache directory does not exist! Please "
NotADirectoryError: Cache directory does not exist! Please check for typos or create it first.
Traceback (most recent call last):
  File "/Users/prasanthbalaji/Desktop/F1_Project/backend/update_f1_stats.py", line 15, in <module>
    fastf1.Cache.enable_cache('/Users/prasanthbalaji/desktop/Java Projects/F1/pythonProject/cache')
  File "/Users/prasanthbalaji/Desktop/Java Projects/F1_v4/venv/lib/python3.9/site-packages/fastf1/req.py", line 262, in enable_cache
    raise NotADirectoryError("Cache directory does not exist! Please "
NotADirectoryError: Cache directory does not exist! Please check for typos or create it first.
